build/app/intermediates/manifest_merge_blame_file/debug/manifest-merger-blame-debug-report.txt
1<?xml version="1.0" encoding="utf-8"?>
2<manifest xmlns:android="http://schemas.android.com/apk/res/android"
3    package="com.example.cardone1"
4    android:versionCode="1"
5    android:versionName="1.0.0" >
6
7    <uses-sdk
8        android:minSdkVersion="20"
9        android:targetSdkVersion="32" />
10    <!--
11         The INTERNET permission is required for development. Specifically,
12         the Flutter tool needs it to communicate with the running application
13         to allow setting breakpoints, to provide hot reload, etc.
14    -->
15    <uses-permission android:name="android.permission.INTERNET" />
15-->src\main\AndroidManifest.xml:8:5-67
15-->src\main\AndroidManifest.xml:8:22-64
16    <uses-permission android:name="android.permission.SEND_SMS" />
16-->src\main\AndroidManifest.xml:3:5-66
16-->src\main\AndroidManifest.xml:3:22-64
17    <uses-permission android:name="android.permission.ACCESS_FINE_LOCATION" />
17-->src\main\AndroidManifest.xml:4:5-79
17-->src\main\AndroidManifest.xml:4:22-76
18    <uses-permission android:name="android.permission.ACCESS_COARSE_LOCATION" />
18-->src\main\AndroidManifest.xml:5:5-81
18-->src\main\AndroidManifest.xml:5:22-78
19    <uses-permission android:name="android.permission.ACCESS_BACKGROUND_LOCTION" />
19-->src\main\AndroidManifest.xml:6:5-83
19-->src\main\AndroidManifest.xml:6:22-81
20    <uses-permission android:name="android.permission.READ_EXTERNAL_STORAGE" />
20-->src\main\AndroidManifest.xml:9:5-80
20-->src\main\AndroidManifest.xml:9:22-77
21    <uses-permission android:name="android.permission.CAMERA" />
21-->src\main\AndroidManifest.xml:10:5-64
21-->src\main\AndroidManifest.xml:10:22-62
22    <uses-permission android:name="android.permission.FOREGROUND_SERVICE" />
22-->[:geolocator_android] AndroidManifest.xml:9:5-77
22-->[:geolocator_android] AndroidManifest.xml:9:22-74
23
24    <queries>
24-->[:file_picker] AndroidManifest.xml:11:5-17:15
25        <intent>
25-->[:file_picker] AndroidManifest.xml:12:9-16:18
26            <action android:name="android.intent.action.GET_CONTENT" />
26-->[:file_picker] AndroidManifest.xml:13:13-72
26-->[:file_picker] AndroidManifest.xml:13:21-69
27
28            <data android:mimeType="*/*" />
28-->[:file_picker] AndroidManifest.xml:15:13-44
28-->[:file_picker] AndroidManifest.xml:15:19-41
29        </intent>
30        <!-- Needs to be explicitly declared on Android R+ -->
31        <package android:name="com.google.android.apps.maps" />
31-->[com.google.android.gms:play-services-maps:18.0.2] AndroidManifest.xml:33:9-64
31-->[com.google.android.gms:play-services-maps:18.0.2] AndroidManifest.xml:33:18-61
32    </queries>
33
34    <uses-permission android:name="android.permission.ACCESS_NETWORK_STATE" />
34-->[:connectivity_plus] AndroidManifest.xml:9:5-79
34-->[:connectivity_plus] AndroidManifest.xml:9:22-76
35    <uses-permission android:name="android.permission.WAKE_LOCK" />
35-->[com.google.android.gms:play-services-measurement-api:21.2.0] AndroidManifest.xml:24:5-68
35-->[com.google.android.gms:play-services-measurement-api:21.2.0] AndroidManifest.xml:24:22-65
36    <uses-permission android:name="com.google.android.gms.permission.AD_ID" />
36-->[com.google.android.gms:play-services-measurement-api:21.2.0] AndroidManifest.xml:25:5-79
36-->[com.google.android.gms:play-services-measurement-api:21.2.0] AndroidManifest.xml:25:22-76
37
38    <uses-feature
38-->[com.google.android.gms:play-services-maps:18.0.2] AndroidManifest.xml:26:5-28:35
39        android:glEsVersion="0x00020000"
39-->[com.google.android.gms:play-services-maps:18.0.2] AndroidManifest.xml:27:9-41
40        android:required="true" />
40-->[com.google.android.gms:play-services-maps:18.0.2] AndroidManifest.xml:28:9-32
41
42    <uses-permission android:name="com.google.android.finsky.permission.BIND_GET_INSTALL_REFERRER_SERVICE" />
42-->[com.google.android.gms:play-services-measurement:21.2.0] AndroidManifest.xml:26:5-110
42-->[com.google.android.gms:play-services-measurement:21.2.0] AndroidManifest.xml:26:22-107
43
44    <application
45        android:name="io.flutter.app.FlutterMultiDexApplication"
46        android:appComponentFactory="androidx.core.app.CoreComponentFactory"
46-->[androidx.core:core:1.8.0] AndroidManifest.xml:24:18-86
47        android:debuggable="true"
48        android:icon="@mipmap/ic_launcher"
49        android:label="sendIt" >
50        <meta-data
51            android:name="com.google.android.geo.API_KEY"
52            android:value="AIzaSyAnLgiFonbZGWJDOWIjaLnRf79fdMAvCu4" />
53
54        <activity
55            android:name="com.example.cardone1.MainActivity"
56            android:configChanges="orientation|keyboardHidden|keyboard|screenSize|smallestScreenSize|locale|layoutDirection|fontScale|screenLayout|density|uiMode"
57            android:exported="true"
58            android:hardwareAccelerated="true"
59            android:launchMode="singleTop"
60            android:theme="@style/LaunchTheme"
61            android:windowSoftInputMode="adjustResize" >
62
63            <!--
64                 Specifies an Android theme to apply to this Activity as soon as
65                 the Android process has started. This theme is visible to the user
66                 while the Flutter UI initializes. After that, this theme continues
67                 to determine the Window background behind the Flutter UI.
68            -->
69            <meta-data
70                android:name="io.flutter.embedding.android.NormalTheme"
71                android:resource="@style/NormalTheme" />
72
73            <intent-filter>
74                <action android:name="android.intent.action.MAIN" />
75
76                <category android:name="android.intent.category.LAUNCHER" />
77            </intent-filter>
78        </activity>
79        <!--
80             Don't delete the meta-data below.
81             This is used by the Flutter tool to generate GeneratedPluginRegistrant.java
82        -->
83        <meta-data
84            android:name="flutterEmbedding"
85            android:value="2" />
86
87        <service
87-->[:firebase_database] AndroidManifest.xml:10:9-14:19
88            android:name="com.google.firebase.components.ComponentDiscoveryService"
88-->[:firebase_database] AndroidManifest.xml:10:18-89
89            android:directBootAware="true"
89-->[com.google.firebase:firebase-common:20.3.0] AndroidManifest.xml:34:13-43
90            android:exported="false" >
90-->[com.google.firebase:firebase-analytics-ktx:21.2.0] AndroidManifest.xml:10:13-37
91            <meta-data
91-->[:firebase_database] AndroidManifest.xml:11:13-13:85
92                android:name="com.google.firebase.components:io.flutter.plugins.firebase.database.FlutterFirebaseAppRegistrar"
92-->[:firebase_database] AndroidManifest.xml:12:17-127
93                android:value="com.google.firebase.components.ComponentRegistrar" />
93-->[:firebase_database] AndroidManifest.xml:13:17-82
94            <meta-data
94-->[:cloud_firestore] AndroidManifest.xml:11:13-13:85
95                android:name="com.google.firebase.components:io.flutter.plugins.firebase.firestore.FlutterFirebaseFirestoreRegistrar"
95-->[:cloud_firestore] AndroidManifest.xml:12:17-134
96                android:value="com.google.firebase.components.ComponentRegistrar" />
96-->[:cloud_firestore] AndroidManifest.xml:13:17-82
97            <meta-data
97-->[:firebase_auth] AndroidManifest.xml:11:13-13:85
98                android:name="com.google.firebase.components:io.flutter.plugins.firebase.auth.FlutterFirebaseAuthRegistrar"
98-->[:firebase_auth] AndroidManifest.xml:12:17-124
99                android:value="com.google.firebase.components.ComponentRegistrar" />
99-->[:firebase_auth] AndroidManifest.xml:13:17-82
100            <meta-data
100-->[:firebase_storage] AndroidManifest.xml:11:13-13:85
101                android:name="com.google.firebase.components:io.flutter.plugins.firebase.storage.FlutterFirebaseAppRegistrar"
101-->[:firebase_storage] AndroidManifest.xml:12:17-126
102                android:value="com.google.firebase.components.ComponentRegistrar" />
102-->[:firebase_storage] AndroidManifest.xml:13:17-82
103            <meta-data
103-->[:firebase_core] AndroidManifest.xml:11:13-13:85
104                android:name="com.google.firebase.components:io.flutter.plugins.firebase.core.FlutterFirebaseCoreRegistrar"
104-->[:firebase_core] AndroidManifest.xml:12:17-124
105                android:value="com.google.firebase.components.ComponentRegistrar" />
105-->[:firebase_core] AndroidManifest.xml:13:17-82
106            <meta-data
106-->[com.google.firebase:firebase-analytics-ktx:21.2.0] AndroidManifest.xml:11:13-13:85
107                android:name="com.google.firebase.components:com.google.firebase.analytics.ktx.FirebaseAnalyticsKtxRegistrar"
107-->[com.google.firebase:firebase-analytics-ktx:21.2.0] AndroidManifest.xml:12:17-126
108                android:value="com.google.firebase.components.ComponentRegistrar" />
108-->[com.google.firebase:firebase-analytics-ktx:21.2.0] AndroidManifest.xml:13:17-82
109            <meta-data
109-->[com.google.firebase:firebase-common-ktx:20.3.0] AndroidManifest.xml:14:13-16:85
110                android:name="com.google.firebase.components:com.google.firebase.ktx.FirebaseCommonKtxRegistrar"
110-->[com.google.firebase:firebase-common-ktx:20.3.0] AndroidManifest.xml:15:17-113
111                android:value="com.google.firebase.components.ComponentRegistrar" />
111-->[com.google.firebase:firebase-common-ktx:20.3.0] AndroidManifest.xml:16:17-82
112            <meta-data
112-->[com.google.firebase:firebase-auth:21.1.0] AndroidManifest.xml:67:13-69:85
113                android:name="com.google.firebase.components:com.google.firebase.auth.FirebaseAuthRegistrar"
113-->[com.google.firebase:firebase-auth:21.1.0] AndroidManifest.xml:68:17-109
114                android:value="com.google.firebase.components.ComponentRegistrar" />
114-->[com.google.firebase:firebase-auth:21.1.0] AndroidManifest.xml:69:17-82
115            <meta-data
115-->[com.google.firebase:firebase-firestore:24.4.3] AndroidManifest.xml:19:13-21:85
116                android:name="com.google.firebase.components:com.google.firebase.firestore.FirestoreRegistrar"
116-->[com.google.firebase:firebase-firestore:24.4.3] AndroidManifest.xml:20:17-111
117                android:value="com.google.firebase.components.ComponentRegistrar" />
117-->[com.google.firebase:firebase-firestore:24.4.3] AndroidManifest.xml:21:17-82
118            <meta-data
118-->[com.google.firebase:firebase-storage:20.1.0] AndroidManifest.xml:32:13-34:85
119                android:name="com.google.firebase.components:com.google.firebase.storage.StorageRegistrar"
119-->[com.google.firebase:firebase-storage:20.1.0] AndroidManifest.xml:33:17-107
120                android:value="com.google.firebase.components.ComponentRegistrar" />
120-->[com.google.firebase:firebase-storage:20.1.0] AndroidManifest.xml:34:17-82
121            <meta-data
121-->[com.google.firebase:firebase-database:20.1.0] AndroidManifest.xml:31:13-33:85
122                android:name="com.google.firebase.components:com.google.firebase.database.DatabaseRegistrar"
122-->[com.google.firebase:firebase-database:20.1.0] AndroidManifest.xml:32:17-109
123                android:value="com.google.firebase.components.ComponentRegistrar" />
123-->[com.google.firebase:firebase-database:20.1.0] AndroidManifest.xml:33:17-82
124            <meta-data
124-->[com.google.android.gms:play-services-measurement-api:21.2.0] AndroidManifest.xml:31:13-33:85
125                android:name="com.google.firebase.components:com.google.firebase.analytics.connector.internal.AnalyticsConnectorRegistrar"
125-->[com.google.android.gms:play-services-measurement-api:21.2.0] AndroidManifest.xml:32:17-139
126                android:value="com.google.firebase.components.ComponentRegistrar" />
126-->[com.google.android.gms:play-services-measurement-api:21.2.0] AndroidManifest.xml:33:17-82
127            <meta-data
127-->[com.google.firebase:firebase-installations:17.1.2] AndroidManifest.xml:17:13-19:85
128                android:name="com.google.firebase.components:com.google.firebase.installations.FirebaseInstallationsRegistrar"
128-->[com.google.firebase:firebase-installations:17.1.2] AndroidManifest.xml:18:17-127
129                android:value="com.google.firebase.components.ComponentRegistrar" />
129-->[com.google.firebase:firebase-installations:17.1.2] AndroidManifest.xml:19:17-82
130        </service>
131        <service
131-->[:geolocator_android] AndroidManifest.xml:12:9-16:56
132            android:name="com.baseflow.geolocator.GeolocatorLocationService"
132-->[:geolocator_android] AndroidManifest.xml:13:13-77
133            android:enabled="true"
133-->[:geolocator_android] AndroidManifest.xml:14:13-35
134            android:exported="false"
134-->[:geolocator_android] AndroidManifest.xml:15:13-37
135            android:foregroundServiceType="location" />
135-->[:geolocator_android] AndroidManifest.xml:16:13-53
136
137        <provider
137-->[:image_picker_android] AndroidManifest.xml:10:9-18:20
138            android:name="io.flutter.plugins.imagepicker.ImagePickerFileProvider"
138-->[:image_picker_android] AndroidManifest.xml:11:13-82
139            android:authorities="com.example.cardone1.flutter.image_provider"
139-->[:image_picker_android] AndroidManifest.xml:12:13-74
140            android:exported="false"
140-->[:image_picker_android] AndroidManifest.xml:13:13-37
141            android:grantUriPermissions="true" >
141-->[:image_picker_android] AndroidManifest.xml:14:13-47
142            <meta-data
142-->[:image_picker_android] AndroidManifest.xml:15:13-17:75
143                android:name="android.support.FILE_PROVIDER_PATHS"
143-->[:image_picker_android] AndroidManifest.xml:16:17-67
144                android:resource="@xml/flutter_image_picker_file_paths" />
144-->[:image_picker_android] AndroidManifest.xml:17:17-72
145        </provider>
146
147        <activity
147-->[:url_launcher_android] AndroidManifest.xml:10:9-13:74
148            android:name="io.flutter.plugins.urllauncher.WebViewActivity"
148-->[:url_launcher_android] AndroidManifest.xml:11:13-74
149            android:exported="false"
149-->[:url_launcher_android] AndroidManifest.xml:12:13-37
150            android:theme="@android:style/Theme.NoTitleBar.Fullscreen" />
150-->[:url_launcher_android] AndroidManifest.xml:13:13-71
151
152        <service
152-->[:location] AndroidManifest.xml:13:9-17:56
153            android:name="com.lyokone.location.FlutterLocationService"
153-->[:location] AndroidManifest.xml:14:13-71
154            android:enabled="true"
154-->[:location] AndroidManifest.xml:15:13-35
155            android:exported="false"
155-->[:location] AndroidManifest.xml:16:13-37
156            android:foregroundServiceType="location" />
156-->[:location] AndroidManifest.xml:17:13-53
157
158        <provider
158-->[com.sangcomz:FishBun:0.11.2] AndroidManifest.xml:12:9-20:20
159            android:name="com.sangcomz.fishbun.FishBunFileProvider"
159-->[com.sangcomz:FishBun:0.11.2] AndroidManifest.xml:13:13-68
160            android:authorities="com.example.cardone1.fishbunfileprovider"
160-->[com.sangcomz:FishBun:0.11.2] AndroidManifest.xml:14:13-71
161            android:exported="false"
161-->[com.sangcomz:FishBun:0.11.2] AndroidManifest.xml:15:13-37
162            android:grantUriPermissions="true" >
162-->[com.sangcomz:FishBun:0.11.2] AndroidManifest.xml:16:13-47
163            <meta-data
163-->[:image_picker_android] AndroidManifest.xml:15:13-17:75
164                android:name="android.support.FILE_PROVIDER_PATHS"
164-->[:image_picker_android] AndroidManifest.xml:16:17-67
165                android:resource="@xml/provider_paths" />
165-->[:image_picker_android] AndroidManifest.xml:17:17-72
166        </provider>
167
168        <activity
168-->[com.sangcomz:FishBun:0.11.2] AndroidManifest.xml:22:9-25:51
169            android:name="com.sangcomz.fishbun.ui.album.AlbumActivity"
169-->[com.sangcomz:FishBun:0.11.2] AndroidManifest.xml:23:13-71
170            android:label="@string/album"
170-->[com.sangcomz:FishBun:0.11.2] AndroidManifest.xml:24:13-42
171            android:theme="@style/FishBunTheme" />
171-->[com.sangcomz:FishBun:0.11.2] AndroidManifest.xml:25:13-48
172        <activity
172-->[com.sangcomz:FishBun:0.11.2] AndroidManifest.xml:26:9-28:51
173            android:name="com.sangcomz.fishbun.ui.picker.PickerActivity"
173-->[com.sangcomz:FishBun:0.11.2] AndroidManifest.xml:27:13-73
174            android:theme="@style/FishBunTheme" />
174-->[com.sangcomz:FishBun:0.11.2] AndroidManifest.xml:28:13-48
175        <activity
175-->[com.sangcomz:FishBun:0.11.2] AndroidManifest.xml:29:9-31:54
176            android:name="com.sangcomz.fishbun.ui.detail.DetailActivity"
176-->[com.sangcomz:FishBun:0.11.2] AndroidManifest.xml:30:13-73
177            android:theme="@style/DetailViewTheme" />
177-->[com.sangcomz:FishBun:0.11.2] AndroidManifest.xml:31:13-51
178
179        <uses-library
179-->[androidx.window:window:1.0.0-beta04] AndroidManifest.xml:25:9-27:40
180            android:name="androidx.window.extensions"
180-->[androidx.window:window:1.0.0-beta04] AndroidManifest.xml:26:13-54
181            android:required="false" />
181-->[androidx.window:window:1.0.0-beta04] AndroidManifest.xml:27:13-37
182        <uses-library
182-->[androidx.window:window:1.0.0-beta04] AndroidManifest.xml:28:9-30:40
183            android:name="androidx.window.sidecar"
183-->[androidx.window:window:1.0.0-beta04] AndroidManifest.xml:29:13-51
184            android:required="false" />
184-->[androidx.window:window:1.0.0-beta04] AndroidManifest.xml:30:13-37
185
186        <activity
186-->[com.google.firebase:firebase-auth:21.1.0] AndroidManifest.xml:27:9-44:20
187            android:name="com.google.firebase.auth.internal.GenericIdpActivity"
187-->[com.google.firebase:firebase-auth:21.1.0] AndroidManifest.xml:28:13-80
188            android:excludeFromRecents="true"
188-->[com.google.firebase:firebase-auth:21.1.0] AndroidManifest.xml:29:13-46
189            android:exported="true"
189-->[com.google.firebase:firebase-auth:21.1.0] AndroidManifest.xml:30:13-36
190            android:launchMode="singleTask"
190-->[com.google.firebase:firebase-auth:21.1.0] AndroidManifest.xml:31:13-44
191            android:theme="@android:style/Theme.Translucent.NoTitleBar" >
191-->[com.google.firebase:firebase-auth:21.1.0] AndroidManifest.xml:32:13-72
192            <intent-filter>
192-->[com.google.firebase:firebase-auth:21.1.0] AndroidManifest.xml:33:13-43:29
193                <action android:name="android.intent.action.VIEW" />
193-->[com.google.firebase:firebase-auth:21.1.0] AndroidManifest.xml:34:17-69
193-->[com.google.firebase:firebase-auth:21.1.0] AndroidManifest.xml:34:25-66
194
195                <category android:name="android.intent.category.DEFAULT" />
195-->[com.google.firebase:firebase-auth:21.1.0] AndroidManifest.xml:36:17-76
195-->[com.google.firebase:firebase-auth:21.1.0] AndroidManifest.xml:36:27-73
196                <category android:name="android.intent.category.BROWSABLE" />
196-->[com.google.firebase:firebase-auth:21.1.0] AndroidManifest.xml:37:17-78
196-->[com.google.firebase:firebase-auth:21.1.0] AndroidManifest.xml:37:27-75
197
198                <data
198-->[:file_picker] AndroidManifest.xml:15:13-44
199                    android:host="firebase.auth"
200                    android:path="/"
201                    android:scheme="genericidp" />
202            </intent-filter>
203        </activity>
204        <activity
204-->[com.google.firebase:firebase-auth:21.1.0] AndroidManifest.xml:45:9-62:20
205            android:name="com.google.firebase.auth.internal.RecaptchaActivity"
205-->[com.google.firebase:firebase-auth:21.1.0] AndroidManifest.xml:46:13-79
206            android:excludeFromRecents="true"
206-->[com.google.firebase:firebase-auth:21.1.0] AndroidManifest.xml:47:13-46
207            android:exported="true"
207-->[com.google.firebase:firebase-auth:21.1.0] AndroidManifest.xml:48:13-36
208            android:launchMode="singleTask"
208-->[com.google.firebase:firebase-auth:21.1.0] AndroidManifest.xml:49:13-44
209            android:theme="@android:style/Theme.Translucent.NoTitleBar" >
209-->[com.google.firebase:firebase-auth:21.1.0] AndroidManifest.xml:50:13-72
210            <intent-filter>
210-->[com.google.firebase:firebase-auth:21.1.0] AndroidManifest.xml:51:13-61:29
211                <action android:name="android.intent.action.VIEW" />
211-->[com.google.firebase:firebase-auth:21.1.0] AndroidManifest.xml:34:17-69
211-->[com.google.firebase:firebase-auth:21.1.0] AndroidManifest.xml:34:25-66
212
213                <category android:name="android.intent.category.DEFAULT" />
213-->[com.google.firebase:firebase-auth:21.1.0] AndroidManifest.xml:36:17-76
213-->[com.google.firebase:firebase-auth:21.1.0] AndroidManifest.xml:36:27-73
214                <category android:name="android.intent.category.BROWSABLE" />
214-->[com.google.firebase:firebase-auth:21.1.0] AndroidManifest.xml:37:17-78
214-->[com.google.firebase:firebase-auth:21.1.0] AndroidManifest.xml:37:27-75
215
216                <data
216-->[:file_picker] AndroidManifest.xml:15:13-44
217                    android:host="firebase.auth"
218                    android:path="/"
219                    android:scheme="recaptcha" />
220            </intent-filter>
221        </activity>
222
223        <provider
223-->[com.google.firebase:firebase-common:20.3.0] AndroidManifest.xml:25:9-30:39
224            android:name="com.google.firebase.provider.FirebaseInitProvider"
224-->[com.google.firebase:firebase-common:20.3.0] AndroidManifest.xml:26:13-77
225            android:authorities="com.example.cardone1.firebaseinitprovider"
225-->[com.google.firebase:firebase-common:20.3.0] AndroidManifest.xml:27:13-72
226            android:directBootAware="true"
226-->[com.google.firebase:firebase-common:20.3.0] AndroidManifest.xml:28:13-43
227            android:exported="false"
227-->[com.google.firebase:firebase-common:20.3.0] AndroidManifest.xml:29:13-37
228            android:initOrder="100" /> <!-- Needs to be explicitly declared on P+ -->
228-->[com.google.firebase:firebase-common:20.3.0] AndroidManifest.xml:30:13-36
229        <uses-library
229-->[com.google.android.gms:play-services-maps:18.0.2] AndroidManifest.xml:39:9-41:40
230            android:name="org.apache.http.legacy"
230-->[com.google.android.gms:play-services-maps:18.0.2] AndroidManifest.xml:40:13-50
231            android:required="false" />
231-->[com.google.android.gms:play-services-maps:18.0.2] AndroidManifest.xml:41:13-37
232
233        <activity
233-->[com.google.android.gms:play-services-auth:20.0.1] AndroidManifest.xml:23:9-27:75
234            android:name="com.google.android.gms.auth.api.signin.internal.SignInHubActivity"
234-->[com.google.android.gms:play-services-auth:20.0.1] AndroidManifest.xml:24:13-93
235            android:excludeFromRecents="true"
235-->[com.google.android.gms:play-services-auth:20.0.1] AndroidManifest.xml:25:13-46
236            android:exported="false"
236-->[com.google.android.gms:play-services-auth:20.0.1] AndroidManifest.xml:26:13-37
237            android:theme="@android:style/Theme.Translucent.NoTitleBar" />
237-->[com.google.android.gms:play-services-auth:20.0.1] AndroidManifest.xml:27:13-72
238        <!--
239            Service handling Google Sign-In user revocation. For apps that do not integrate with
240            Google Sign-In, this service will never be started.
241        -->
242        <service
242-->[com.google.android.gms:play-services-auth:20.0.1] AndroidManifest.xml:33:9-37:51
243            android:name="com.google.android.gms.auth.api.signin.RevocationBoundService"
243-->[com.google.android.gms:play-services-auth:20.0.1] AndroidManifest.xml:34:13-89
244            android:exported="true"
244-->[com.google.android.gms:play-services-auth:20.0.1] AndroidManifest.xml:35:13-36
245            android:permission="com.google.android.gms.auth.api.signin.permission.REVOCATION_NOTIFICATION"
245-->[com.google.android.gms:play-services-auth:20.0.1] AndroidManifest.xml:36:13-107
246            android:visibleToInstantApps="true" />
246-->[com.google.android.gms:play-services-auth:20.0.1] AndroidManifest.xml:37:13-48
247
248        <activity
248-->[com.google.android.gms:play-services-base:18.0.1] AndroidManifest.xml:20:9-22:45
249            android:name="com.google.android.gms.common.api.GoogleApiActivity"
249-->[com.google.android.gms:play-services-base:18.0.1] AndroidManifest.xml:20:19-85
250            android:exported="false"
250-->[com.google.android.gms:play-services-base:18.0.1] AndroidManifest.xml:22:19-43
251            android:theme="@android:style/Theme.Translucent.NoTitleBar" />
251-->[com.google.android.gms:play-services-base:18.0.1] AndroidManifest.xml:21:19-78
252
253        <receiver
253-->[com.google.android.gms:play-services-measurement:21.2.0] AndroidManifest.xml:29:9-33:20
254            android:name="com.google.android.gms.measurement.AppMeasurementReceiver"
254-->[com.google.android.gms:play-services-measurement:21.2.0] AndroidManifest.xml:30:13-85
255            android:enabled="true"
255-->[com.google.android.gms:play-services-measurement:21.2.0] AndroidManifest.xml:31:13-35
256            android:exported="false" >
256-->[com.google.android.gms:play-services-measurement:21.2.0] AndroidManifest.xml:32:13-37
257        </receiver>
258
259        <service
259-->[com.google.android.gms:play-services-measurement:21.2.0] AndroidManifest.xml:35:9-38:40
260            android:name="com.google.android.gms.measurement.AppMeasurementService"
260-->[com.google.android.gms:play-services-measurement:21.2.0] AndroidManifest.xml:36:13-84
261            android:enabled="true"
261-->[com.google.android.gms:play-services-measurement:21.2.0] AndroidManifest.xml:37:13-35
262            android:exported="false" />
262-->[com.google.android.gms:play-services-measurement:21.2.0] AndroidManifest.xml:38:13-37
263        <service
263-->[com.google.android.gms:play-services-measurement:21.2.0] AndroidManifest.xml:39:9-43:72
264            android:name="com.google.android.gms.measurement.AppMeasurementJobService"
264-->[com.google.android.gms:play-services-measurement:21.2.0] AndroidManifest.xml:40:13-87
265            android:enabled="true"
265-->[com.google.android.gms:play-services-measurement:21.2.0] AndroidManifest.xml:41:13-35
266            android:exported="false"
266-->[com.google.android.gms:play-services-measurement:21.2.0] AndroidManifest.xml:42:13-37
267            android:permission="android.permission.BIND_JOB_SERVICE" />
267-->[com.google.android.gms:play-services-measurement:21.2.0] AndroidManifest.xml:43:13-69
268
269        <meta-data
269-->[com.google.android.gms:play-services-basement:18.1.0] AndroidManifest.xml:21:9-23:69
270            android:name="com.google.android.gms.version"
270-->[com.google.android.gms:play-services-basement:18.1.0] AndroidManifest.xml:22:13-58
271            android:value="@integer/google_play_services_version" />
271-->[com.google.android.gms:play-services-basement:18.1.0] AndroidManifest.xml:23:13-66
272    </application>
273
274</manifest>